<?xml version="1.0" encoding="UTF-8"?>
<!-- Generated by org.testng.reporters.JUnitXMLReporter -->
<testsuite ignored="0" hostname="Mayur-Goti" failures="0" tests="4" name="Default test" time="27.805" errors="0" timestamp="2022-01-29T10:32:56 GMT-05:00">
  <testcase classname="tests.LoginTest" name="loginWithWrongEmailPasswordTest" time="1.481"/>
  <testcase classname="tests.LoginTest" name="loginWithEmptyEmailTest" time="1.381"/>
  <testcase classname="tests.LoginTest" name="loginWithEmptyPasswordTest" time="1.447"/>
  <testcase classname="tests.LoginTest" name="loginWithSpecialCharEmailTest" time="1.435"/>
</testsuite> <!-- Default test -->
