<?xml version="1.0" encoding="UTF-8"?>
<!-- Generated by org.testng.reporters.JUnitXMLReporter -->
<testsuite ignored="0" hostname="Mayur-Goti" failures="0" tests="4" name="Test" time="40.279" errors="0" timestamp="2022-02-16T18:35:48 GMT-05:00">
  <testcase classname="tests.LoginTest" name="loginWithWrongEmailPasswordTest" time="1.698"/>
  <testcase classname="tests.LoginTest" name="loginWithEmptyEmailTest" time="1.636"/>
  <testcase classname="tests.LoginTest" name="loginWithEmptyPasswordTest" time="1.533"/>
  <testcase classname="tests.LoginTest" name="loginWithSpecialCharEmailTest" time="1.711"/>
</testsuite> <!-- Test -->
