<?xml version="1.0" encoding="UTF-8"?>
<testng-results ignored="0" total="4" passed="4" failed="0" skipped="0">
  <reporter-output>
  </reporter-output>
  <suite started-at="2022-02-16T18:35:07 GMT-05:00" name="Suite" finished-at="2022-02-16T18:35:47 GMT-05:00" duration-ms="40279">
    <groups>
    </groups>
    <test started-at="2022-02-16T18:35:07 GMT-05:00" name="Test" finished-at="2022-02-16T18:35:47 GMT-05:00" duration-ms="40279">
      <class name="tests.LoginTest">
        <test-method is-config="true" signature="beforeMethod()[pri:0, instance:tests.LoginTest@6d025197]" started-at="2022-02-16T18:35:07 GMT-05:00" name="beforeMethod" finished-at="2022-02-16T18:35:16 GMT-05:00" duration-ms="9108" status="PASS">
          <reporter-output>
          </reporter-output>
        </test-method> <!-- beforeMethod -->
        <test-method signature="loginWithWrongEmailPasswordTest()[pri:1, instance:tests.LoginTest@6d025197]" started-at="2022-02-16T18:35:16 GMT-05:00" name="loginWithWrongEmailPasswordTest" finished-at="2022-02-16T18:35:17 GMT-05:00" duration-ms="1698" status="PASS">
          <reporter-output>
          </reporter-output>
        </test-method> <!-- loginWithWrongEmailPasswordTest -->
        <test-method is-config="true" signature="afterMethod()[pri:0, instance:tests.LoginTest@6d025197]" started-at="2022-02-16T18:35:17 GMT-05:00" name="afterMethod" finished-at="2022-02-16T18:35:19 GMT-05:00" duration-ms="1386" status="PASS">
          <reporter-output>
          </reporter-output>
        </test-method> <!-- afterMethod -->
        <test-method is-config="true" signature="beforeMethod()[pri:0, instance:tests.LoginTest@6d025197]" started-at="2022-02-16T18:35:19 GMT-05:00" name="beforeMethod" finished-at="2022-02-16T18:35:25 GMT-05:00" duration-ms="6477" status="PASS">
          <reporter-output>
          </reporter-output>
        </test-method> <!-- beforeMethod -->
        <test-method signature="loginWithEmptyEmailTest()[pri:2, instance:tests.LoginTest@6d025197]" started-at="2022-02-16T18:35:25 GMT-05:00" name="loginWithEmptyEmailTest" finished-at="2022-02-16T18:35:27 GMT-05:00" duration-ms="1636" status="PASS">
          <reporter-output>
          </reporter-output>
        </test-method> <!-- loginWithEmptyEmailTest -->
        <test-method is-config="true" signature="afterMethod()[pri:0, instance:tests.LoginTest@6d025197]" started-at="2022-02-16T18:35:27 GMT-05:00" name="afterMethod" finished-at="2022-02-16T18:35:28 GMT-05:00" duration-ms="1255" status="PASS">
          <reporter-output>
          </reporter-output>
        </test-method> <!-- afterMethod -->
        <test-method is-config="true" signature="beforeMethod()[pri:0, instance:tests.LoginTest@6d025197]" started-at="2022-02-16T18:35:28 GMT-05:00" name="beforeMethod" finished-at="2022-02-16T18:35:35 GMT-05:00" duration-ms="6607" status="PASS">
          <reporter-output>
          </reporter-output>
        </test-method> <!-- beforeMethod -->
        <test-method signature="loginWithEmptyPasswordTest()[pri:3, instance:tests.LoginTest@6d025197]" started-at="2022-02-16T18:35:35 GMT-05:00" name="loginWithEmptyPasswordTest" finished-at="2022-02-16T18:35:36 GMT-05:00" duration-ms="1533" status="PASS">
          <reporter-output>
          </reporter-output>
        </test-method> <!-- loginWithEmptyPasswordTest -->
        <test-method is-config="true" signature="afterMethod()[pri:0, instance:tests.LoginTest@6d025197]" started-at="2022-02-16T18:35:36 GMT-05:00" name="afterMethod" finished-at="2022-02-16T18:35:38 GMT-05:00" duration-ms="1349" status="PASS">
          <reporter-output>
          </reporter-output>
        </test-method> <!-- afterMethod -->
        <test-method is-config="true" signature="beforeMethod()[pri:0, instance:tests.LoginTest@6d025197]" started-at="2022-02-16T18:35:38 GMT-05:00" name="beforeMethod" finished-at="2022-02-16T18:35:44 GMT-05:00" duration-ms="6267" status="PASS">
          <reporter-output>
          </reporter-output>
        </test-method> <!-- beforeMethod -->
        <test-method signature="loginWithSpecialCharEmailTest()[pri:4, instance:tests.LoginTest@6d025197]" started-at="2022-02-16T18:35:44 GMT-05:00" name="loginWithSpecialCharEmailTest" finished-at="2022-02-16T18:35:46 GMT-05:00" duration-ms="1711" status="PASS">
          <reporter-output>
          </reporter-output>
        </test-method> <!-- loginWithSpecialCharEmailTest -->
        <test-method is-config="true" signature="afterMethod()[pri:0, instance:tests.LoginTest@6d025197]" started-at="2022-02-16T18:35:46 GMT-05:00" name="afterMethod" finished-at="2022-02-16T18:35:47 GMT-05:00" duration-ms="1201" status="PASS">
          <reporter-output>
          </reporter-output>
        </test-method> <!-- afterMethod -->
      </class> <!-- tests.LoginTest -->
    </test> <!-- Test -->
  </suite> <!-- Suite -->
</testng-results>
